Build 1.11.002.0693 (69263:69368) at 2008-03-18 16:07:31
--------------------------------------------------------

* Работа с 2 значными IP адресами

Build 1.11.002.0692 (69058:69262) at 2008-03-11 17:21:02
--------------------------------------------------------

* NAVTECH-1051
* NAVTECH-1051

Build 1.11.002.0691 (68626:69057) at 2008-02-21 20:34:17
--------------------------------------------------------

* Исправление путей к JIRA
* Изменен формат и обработка сообщений от джойстика (NAVTECH-1031)

Build 1.11.002.0690 (68107:68625) at 2008-01-24 14:01:05
--------------------------------------------------------

* Алексей Захаров: NAVTECH-631
* NAVTECH-238
* Анатолий Лаздан: NAVTECH-737
* Анатолий Лаздан: доливка к NAVTECH-737
* Петр Опекунов: NAVTECH-885

Build 1.11.002.0689 (67676:68106) at 2007-12-17 17:17:13
--------------------------------------------------------

* NAVTECH-629
* Глеб Глушанок: NAVTECH-633
* Андрей Чернов: NAVTECH-710
* Виктор Езерский: NAVTECH-713
* Перенос исправления ошибок из стволовой ветки.
* Алексей Захаров: NAVTECH-134, NAVTECH-631, ???? (Антон Пушихин)
* Анатолий Лаздан: NAVTECH-736, NAVTECH-737

Build 1.11.002.0688 (67281:67675) at 2007-11-28 18:29:12
--------------------------------------------------------

* NAVTECH-586. Нет возможности предать название судна и call sign при 
  удаленном конфигурировании из NTPRO - в интерфейс добавлена новая 
  структура и новый интерфейс, который содержит метод, который с ней 
  работает.
* NAVTECH-668, NAVTECH-669, NAVTECH-670
  Неинициализированные data members в TСEBLSyncData - под ответственность 
  Александра Озерского

Build 1.11.002.0687 (66810:67280) at 2007-11-12 20:30:25
--------------------------------------------------------

* Олег Антонов: NAVTECH-436
* NAVTECH-591. Исправлена ошибка вызова boost::filesystem::path::leaf() с 
  неправильным кодом формирования имени (не native).
* NAVTECH-475. Координаты датчиков DLOG после конфигурирования находятся 
  не в центре судна (0,0) , а ( 0, (L / 2)*0.9 ) и (0, -(L / 2)*0.9 ).

Build 1.11.002.0686 (66655:66809) at 2007-10-26 14:12:26
--------------------------------------------------------

* Олег Антонов: NAVTECH-488
* Павел Комбаров: NAVTECH-467
* NAVTECH-475. При конфигурировании сенсора DLOG , не воспринимаются 
  параметры положения носового и кормового датчика.

Build 1.11.002.0685 (66142:66654) at 2007-10-19 19:43:28
--------------------------------------------------------

* Олег Антонов: NAVTECH-238
* Павел Комбаров: NAVTECH-333
* Андрей Чернов: NAVTECH-334
* NAVTECH-348, NAVTECH-467

Build 1.11.002.0684 (65845:66141) at 2007-09-27 21:28:34
--------------------------------------------------------

* NAVTECH-240
* Замена имени единицы измерения (NAVTECH-239)
* NAVTECH-300 (без проверки)

Build 1.11.002.0683 (65710:65844) at 2007-09-11 17:38:06
--------------------------------------------------------

* Сделана поддержка Log и DopplerLog.

Build 1.11.002.0682 (65607:65709) at 2007-09-04 18:34:26
--------------------------------------------------------

* Глеб Глушанок: NAVTECH-214

Build 1.11.002.0681 (65495:65606) at 2007-08-27 19:34:19
--------------------------------------------------------

* Константин Шилов: NAVTECH-209

Build 1.11.002.0680 (65460:65494) at 2007-08-21 11:35:05
--------------------------------------------------------

* Виктор Езерский: Navinet 1.00.002.0176

Build 1.11.002.0679 (65143:65459) at 2007-08-17 19:39:00
--------------------------------------------------------

* NaviNet updated to fix problems in NTPro.

Build 1.11.002.0678 (65081:65142) at 2007-07-12 16:04:49
--------------------------------------------------------

* Олег Антонов: SCR #9362: симуляторные цели теперь именуются x1,x2..., 
  имена сим. целей в NR мигают, в инфо по сим. целям тоже теперь 
  отображаются имена x1,x2
* Глеб Глушанок: SCR #9338 - warning "Radar Low Video"

Build 1.11.002.0677 (65066:65080) at 2007-07-10 14:43:44
--------------------------------------------------------

* Олег Антонов: исправление ресурсов
* Откат изменений ревизии 65060:
  Артем Кузнецов: SCR #9338: ввести новый warning Radar Low Video

Build 1.11.002.0676 (65012:65065) at 2007-07-09 23:44:19
--------------------------------------------------------

* Артем Кузнецов: SCR #9338: ввести новый warning Radar Low Video

Build 1.11.002.0675 (63839:65011) at 2007-07-04 23:43:14
--------------------------------------------------------

* Добавлена возможность инверсии действия кнопок +/- (SCR 9339, jugonch)
* Антон Пушихин: исправления, связанные с ошибкой при создании 
  клонированных алармов. (SCR #9355).
* Navtech#9348 откат (lazdan).

Build 1.11.002.0674 (63497:63838) at 2007-07-03 23:42:54
--------------------------------------------------------

* Добавлено копирование недостающих символов
* Алексей Захаров: SCR #9335, #9336
* Merged revisions 63831 via svnmerge from 
  https://svn.transas.com/navtech-primary/htibs/trunk
    r63831 | chernoff | 2007-07-03 18:44:23 +0400 (Вт, 03 июл 2007) | 2 
  lines
    Tracker NavTech, SCR# 9342.
    External alarm page bug fixed.
* Navtech#9337, 9348, 9351 (zakharov).

Build 1.11.002.0673 (63355:63496) at 2007-06-18 12:23:58
--------------------------------------------------------

* Исправлено название продукта (SCR 9312)
* SCR #9322
* Исправлено значение опции ARPA по умолчанию (SCR 9311)
* Изменена иконка кнопки для запуска Conning-а (SCR 9323)
* Merged revisions 63413 via svnmerge from 
  https://svn.transas.com/navtech-primary/htibs/trunk
    r63413 | gert | 2007-06-13 13:49:37 +0400 (Ср, 13 июн 2007) | 1 line
    CurvedHeadline: Исправление последовательности инициализации (scr. 
  9320)
* Изменена иконка кнопки для запуска Conning-а (SCR 9323)
* SCR #9330: уровень Conning увеличен до 200 и он убран из GUI инсталляции
* Исправление от Алексея Захарова ("Исправление необходимо для NavTech 
  9294, 9309"). Валидность не проверена!!!
* Merged revisions 63484 via svnmerge from 
  https://svn.transas.com/navtech-primary/htibs/trunk
    r63484 | andy | 2007-06-15 19:31:43 +0400 (_в, 15 Ёо_ 2007) | 1 line
    SCR 9332 Порча кучи на старте при включенной записи радарной картинки.

Build 1.11.002.0672 (63326:63354) at 2007-06-07 21:28:18
--------------------------------------------------------

* Исправлен текст сообщения

Build 1.11.002.0671 (63292:63325) at 2007-06-06 20:56:45
--------------------------------------------------------

* Blocked revisions 63283 via svnmerge
    r63283 | amesk | 2007-06-05 17:20:15 +0400 (Вт, 05 июн 2007) | 1 line
    NavTech #9311. ARPA-A-B - датчик разрешен по умолчанию.
* Реализовано сохранение и отображение статуса валидности сообщения NavTex

Build 1.11.002.0670 (63188:63291) at 2007-06-05 20:17:08
--------------------------------------------------------

* Merged revisions 63267 via svnmerge from 
  https://svn.transas.com/navtech-primary/htibs/trunk
    r63267 | ezersky | 2007-06-05 13:08:55 +0400 (Вт, 05 июн 2007) | 1 line
    #9307
* SCR#9310 - выполнено путем отключения установки исполняемого файла 
  приложения.
* Добавлены данные по продукту MFD
* NavTech #9313. Временно блокировано появление иконок NetInspector, 
  HotkeysEditor, Autorun для сертификации.
  Blocked revisions 63273 via svnmerge
  https://svn.transas.com/navtech-primary/htibs/trunk
    r63273 | amesk | 2007-06-05 15:53:51 +0400 (Вт, 05 июнь 2007) | 4 lines
    NavTech #9313. Временно блокирование появление иконок NetInspector, 
  HotkeyEditor, Autorun для сертификации.
* Blocked revisions 63275 via svnmerge
    r63275 | dimcus | 2007-06-05 16:02:44 +0400 (Вт, 05 июн 2007) | 1 line
    Добавлены данные по продукту MFD
* NavTech #9311. ARPA-A-B - датчик разрешен по умолчанию.
  Blocked revisions 63283 via svnmerge
    r63283 | amesk | 2007-06-05 17:20:15 +0400 (Вт, 05 июн 2007) | 1 line
    NavTech #9311. ARPA-A-B - датчик разрешен по умолчанию.

